[Recipe Hash] 02fef3d117f1029d4142b6b7ae2d1ea6f313fd8a2f44e25333775a308c8afb37
[Wrote] /home/fx/go/src/github.com/fluxynet/gocipe-example/web/dist/.gitignore
[Wrote] /home/fx/go/src/github.com/fluxynet/gocipe-example/services/.gitignore
[Wrote] /home/fx/go/src/github.com/fluxynet/gocipe-example/schema/schema_capitals.gocipe.sql
[Wrote] /home/fx/go/src/github.com/fluxynet/gocipe-example/util/util.gocipe.go
[Wrote] /home/fx/go/src/github.com/fluxynet/gocipe-example/proto/entities.proto
[Wrote] /home/fx/go/src/github.com/fluxynet/gocipe-example/app/bootstrap.gocipe.go
[Wrote] /home/fx/go/src/github.com/fluxynet/gocipe-example/main.go
[Wrote] /home/fx/go/src/github.com/fluxynet/gocipe-example/.env.dist
[Wrote] /home/fx/go/src/github.com/fluxynet/gocipe-example/schema/schema_citizens.gocipe.sql
[Wrote] /home/fx/go/src/github.com/fluxynet/gocipe-example/models/models.gocipe.go
[Wrote] /home/fx/go/src/github.com/fluxynet/gocipe-example/schema/schema_tags.gocipe.sql
[Wrote] /home/fx/go/src/github.com/fluxynet/gocipe-example/models/capital_repo.gocipe.go
[Skipped] Generation skipped [GenerateCRUDHooks]
[Wrote] /home/fx/go/src/github.com/fluxynet/gocipe-example/models/citizen_repo.gocipe.go
[Skipped] Generation skipped [GenerateCRUDHooks]
[Wrote] /home/fx/go/src/github.com/fluxynet/gocipe-example/schema/schema_countries.gocipe.sql
[Wrote] /home/fx/go/src/github.com/fluxynet/gocipe-example/models/country_repo.gocipe.go
[Skipped] Generation skipped [GenerateCRUDHooks]
[Wrote] /home/fx/go/src/github.com/fluxynet/gocipe-example/models/tag_repo.gocipe.go
[Skipped] Generation skipped [GenerateCRUDHooks]